
  .   ____          _            __ _ _
 /\\ / ___'_ __ _ _(_)_ __  __ _ \ \ \ \
( ( )\___ | '_ | '_| | '_ \/ _` | \ \ \ \
 \\/  ___)| |_)| | | | | || (_| |  ) ) ) )
  '  |____| .__|_| |_|_| |_\__, | / / / /
 =========|_|==============|___/=/_/_/_/
 :: Spring Boot ::        (v2.3.7.RELEASE)

2021-04-14 10:59:01.674  INFO 21689 --- [           main] c.teamteach.gateway.TeamTeachAPIGateway  : No active profile set, falling back to default profiles: default
2021-04-14 10:59:02.949  WARN 21689 --- [           main] o.s.boot.actuate.endpoint.EndpointId     : Endpoint ID 'hystrix.stream' contains invalid characters, please migrate to a valid format.
2021-04-14 10:59:03.139  INFO 21689 --- [           main] o.s.cloud.context.scope.GenericScope     : BeanFactory id=f7aebbdb-7b07-3eb0-8299-4019ff084dbb
2021-04-14 10:59:03.904  INFO 21689 --- [           main] o.s.b.w.embedded.tomcat.TomcatWebServer  : Tomcat initialized with port(s): 8080 (http)
2021-04-14 10:59:03.919  INFO 21689 --- [           main] o.apache.catalina.core.StandardService   : Starting service [Tomcat]
2021-04-14 10:59:03.920  INFO 21689 --- [           main] org.apache.catalina.core.StandardEngine  : Starting Servlet engine: [Apache Tomcat/9.0.41]
2021-04-14 10:59:03.995  INFO 21689 --- [           main] o.a.c.c.C.[Tomcat].[localhost].[/]       : Initializing Spring embedded WebApplicationContext
2021-04-14 10:59:03.996  INFO 21689 --- [           main] w.s.c.ServletWebServerApplicationContext : Root WebApplicationContext: initialization completed in 2283 ms
2021-04-14 10:59:04.175  WARN 21689 --- [           main] c.n.c.sources.URLConfigurationSource     : No URLs will be polled as dynamic configuration sources.
2021-04-14 10:59:04.175  INFO 21689 --- [           main] c.n.c.sources.URLConfigurationSource     : To enable URLs as dynamic configuration sources, define System property archaius.configurationSource.additionalUrls or make config.properties available on classpath.
2021-04-14 10:59:04.216  INFO 21689 --- [           main] c.netflix.config.DynamicPropertyFactory  : DynamicPropertyFactory is initialized with configuration sources: com.netflix.config.ConcurrentCompositeConfiguration@71104a4
2021-04-14 10:59:04.515  WARN 21689 --- [           main] c.n.c.sources.URLConfigurationSource     : No URLs will be polled as dynamic configuration sources.
2021-04-14 10:59:04.516  INFO 21689 --- [           main] c.n.c.sources.URLConfigurationSource     : To enable URLs as dynamic configuration sources, define System property archaius.configurationSource.additionalUrls or make config.properties available on classpath.
2021-04-14 10:59:04.780  INFO 21689 --- [           main] o.s.s.concurrent.ThreadPoolTaskExecutor  : Initializing ExecutorService 'applicationTaskExecutor'
2021-04-14 10:59:05.607  INFO 21689 --- [           main] o.s.c.n.zuul.ZuulFilterInitializer       : Starting filter initializer
2021-04-14 10:59:05.625  INFO 21689 --- [           main] o.s.b.a.e.web.EndpointLinksResolver      : Exposing 2 endpoint(s) beneath base path '/actuator'
2021-04-14 10:59:05.688  INFO 21689 --- [           main] o.s.b.w.embedded.tomcat.TomcatWebServer  : Tomcat started on port(s): 8080 (http) with context path ''
2021-04-14 10:59:05.719  INFO 21689 --- [           main] c.teamteach.gateway.TeamTeachAPIGateway  : Started TeamTeachAPIGateway in 5.708 seconds (JVM running for 6.467)
2021-04-14 10:59:13.314  INFO 21689 --- [nio-8080-exec-1] o.a.c.c.C.[Tomcat].[localhost].[/]       : Initializing Spring DispatcherServlet 'dispatcherServlet'
2021-04-14 10:59:13.315  INFO 21689 --- [nio-8080-exec-1] o.s.web.servlet.DispatcherServlet        : Initializing Servlet 'dispatcherServlet'
2021-04-14 10:59:13.326  INFO 21689 --- [nio-8080-exec-1] o.s.web.servlet.DispatcherServlet        : Completed initialization in 11 ms
2021-04-14 10:59:13.403  INFO 21689 --- [nio-8080-exec-1] c.t.gateway.filters.pre.SimpleFilter     : GET request to http://ms.digisherpa.ai:8080/journals/api/entry/getAll
2021-04-14 10:59:27.911  INFO 21689 --- [nio-8080-exec-2] c.t.gateway.filters.pre.SimpleFilter     : GET request to http://ms.digisherpa.ai:8080/journals/entry/getAll
